0 info it worked if it ends with ok
1 verbose cli [ 'node', '/usr/local/bin/npm', 'install' ]
2 info using npm@1.4.28
3 info using node@v0.10.35
4 verbose readDependencies using package.json deps
5 verbose install where, deps [ '/Users/jesserafalko/Desktop/job submission',
5 verbose install   [ 'body-parser',
5 verbose install     'cookie-parser',
5 verbose install     'debug',
5 verbose install     'express',
5 verbose install     'http',
5 verbose install     'jade',
5 verbose install     'morgan',
5 verbose install     'oauth',
5 verbose install     'request',
5 verbose install     'serve-favicon' ] ]
6 info preinstall code_challenge_full_build@0.1.0
7 verbose readDependencies using package.json deps
8 verbose cache add [ 'debug@~2.1.1', null ]
9 verbose cache add name=undefined spec="debug@~2.1.1" args=["debug@~2.1.1",null]
10 verbose parsed url { protocol: null,
10 verbose parsed url   slashes: null,
10 verbose parsed url   auth: null,
10 verbose parsed url   host: null,
10 verbose parsed url   port: null,
10 verbose parsed url   hostname: null,
10 verbose parsed url   hash: null,
10 verbose parsed url   search: null,
10 verbose parsed url   query: null,
10 verbose parsed url   pathname: 'debug@~2.1.1',
10 verbose parsed url   path: 'debug@~2.1.1',
10 verbose parsed url   href: 'debug@~2.1.1' }
11 verbose cache add [ 'express@~4.11.0', null ]
12 verbose cache add name=undefined spec="express@~4.11.0" args=["express@~4.11.0",null]
13 verbose parsed url { protocol: null,
13 verbose parsed url   slashes: null,
13 verbose parsed url   auth: null,
13 verbose parsed url   host: null,
13 verbose parsed url   port: null,
13 verbose parsed url   hostname: null,
13 verbose parsed url   hash: null,
13 verbose parsed url   search: null,
13 verbose parsed url   query: null,
13 verbose parsed url   pathname: 'express@~4.11.0',
13 verbose parsed url   path: 'express@~4.11.0',
13 verbose parsed url   href: 'express@~4.11.0' }
14 verbose cache add name="debug" spec="~2.1.1" args=["debug","~2.1.1"]
15 verbose parsed url { protocol: null,
15 verbose parsed url   slashes: null,
15 verbose parsed url   auth: null,
15 verbose parsed url   host: null,
15 verbose parsed url   port: null,
15 verbose parsed url   hostname: null,
15 verbose parsed url   hash: null,
15 verbose parsed url   search: null,
15 verbose parsed url   query: null,
15 verbose parsed url   pathname: '~2.1.1',
15 verbose parsed url   path: '~2.1.1',
15 verbose parsed url   href: '~2.1.1' }
16 verbose addNamed [ 'debug', '~2.1.1' ]
17 verbose addNamed [ null, '>=2.1.1-0 <2.2.0-0' ]
18 verbose cache add [ 'http@^1.0.0', null ]
19 verbose cache add name=undefined spec="http@^1.0.0" args=["http@^1.0.0",null]
20 verbose parsed url { protocol: null,
20 verbose parsed url   slashes: null,
20 verbose parsed url   auth: null,
20 verbose parsed url   host: null,
20 verbose parsed url   port: null,
20 verbose parsed url   hostname: null,
20 verbose parsed url   hash: null,
20 verbose parsed url   search: null,
20 verbose parsed url   query: null,
20 verbose parsed url   pathname: 'http@^1.0.0',
20 verbose parsed url   path: 'http@^1.0.0',
20 verbose parsed url   href: 'http@^1.0.0' }
21 verbose cache add [ 'jade@~1.9.0', null ]
22 verbose cache add name=undefined spec="jade@~1.9.0" args=["jade@~1.9.0",null]
23 verbose parsed url { protocol: null,
23 verbose parsed url   slashes: null,
23 verbose parsed url   auth: null,
23 verbose parsed url   host: null,
23 verbose parsed url   port: null,
23 verbose parsed url   hostname: null,
23 verbose parsed url   hash: null,
23 verbose parsed url   search: null,
23 verbose parsed url   query: null,
23 verbose parsed url   pathname: 'jade@~1.9.0',
23 verbose parsed url   path: 'jade@~1.9.0',
23 verbose parsed url   href: 'jade@~1.9.0' }
24 verbose cache add name="express" spec="~4.11.0" args=["express","~4.11.0"]
25 verbose parsed url { protocol: null,
25 verbose parsed url   slashes: null,
25 verbose parsed url   auth: null,
25 verbose parsed url   host: null,
25 verbose parsed url   port: null,
25 verbose parsed url   hostname: null,
25 verbose parsed url   hash: null,
25 verbose parsed url   search: null,
25 verbose parsed url   query: null,
25 verbose parsed url   pathname: '~4.11.0',
25 verbose parsed url   path: '~4.11.0',
25 verbose parsed url   href: '~4.11.0' }
26 verbose addNamed [ 'express', '~4.11.0' ]
27 verbose addNamed [ null, '>=4.11.0-0 <4.12.0-0' ]
28 silly lockFile 09d11068-debug-2-1-1 debug@~2.1.1
29 verbose lock debug@~2.1.1 /Users/jesserafalko/.npm/09d11068-debug-2-1-1.lock
30 silly lockFile 6e51cfda-express-4-11-0 express@~4.11.0
31 verbose lock express@~4.11.0 /Users/jesserafalko/.npm/6e51cfda-express-4-11-0.lock
32 verbose cache add name="http" spec="^1.0.0" args=["http","^1.0.0"]
33 verbose parsed url { protocol: null,
33 verbose parsed url   slashes: null,
33 verbose parsed url   auth: null,
33 verbose parsed url   host: null,
33 verbose parsed url   port: null,
33 verbose parsed url   hostname: null,
33 verbose parsed url   hash: null,
33 verbose parsed url   search: null,
33 verbose parsed url   query: null,
33 verbose parsed url   pathname: '^1.0.0',
33 verbose parsed url   path: '^1.0.0',
33 verbose parsed url   href: '^1.0.0' }
34 verbose addNamed [ 'http', '^1.0.0' ]
35 verbose addNamed [ null, '>=1.0.0-0 <2.0.0-0' ]
36 silly lockFile fb1d135c-http-1-0-0 http@^1.0.0
37 verbose lock http@^1.0.0 /Users/jesserafalko/.npm/fb1d135c-http-1-0-0.lock
38 verbose cache add [ 'morgan@~1.5.1', null ]
39 verbose cache add name=undefined spec="morgan@~1.5.1" args=["morgan@~1.5.1",null]
40 verbose parsed url { protocol: null,
40 verbose parsed url   slashes: null,
40 verbose parsed url   auth: null,
40 verbose parsed url   host: null,
40 verbose parsed url   port: null,
40 verbose parsed url   hostname: null,
40 verbose parsed url   hash: null,
40 verbose parsed url   search: null,
40 verbose parsed url   query: null,
40 verbose parsed url   pathname: 'morgan@~1.5.1',
40 verbose parsed url   path: 'morgan@~1.5.1',
40 verbose parsed url   href: 'morgan@~1.5.1' }
41 verbose cache add [ 'oauth@^0.9.0', null ]
42 verbose cache add name=undefined spec="oauth@^0.9.0" args=["oauth@^0.9.0",null]
43 verbose parsed url { protocol: null,
43 verbose parsed url   slashes: null,
43 verbose parsed url   auth: null,
43 verbose parsed url   host: null,
43 verbose parsed url   port: null,
43 verbose parsed url   hostname: null,
43 verbose parsed url   hash: null,
43 verbose parsed url   search: null,
43 verbose parsed url   query: null,
43 verbose parsed url   pathname: 'oauth@^0.9.0',
43 verbose parsed url   path: 'oauth@^0.9.0',
43 verbose parsed url   href: 'oauth@^0.9.0' }
44 verbose cache add [ 'request@^2.0.0', null ]
45 verbose cache add name=undefined spec="request@^2.0.0" args=["request@^2.0.0",null]
46 verbose parsed url { protocol: null,
46 verbose parsed url   slashes: null,
46 verbose parsed url   auth: null,
46 verbose parsed url   host: null,
46 verbose parsed url   port: null,
46 verbose parsed url   hostname: null,
46 verbose parsed url   hash: null,
46 verbose parsed url   search: null,
46 verbose parsed url   query: null,
46 verbose parsed url   pathname: 'request@^2.0.0',
46 verbose parsed url   path: 'request@^2.0.0',
46 verbose parsed url   href: 'request@^2.0.0' }
47 verbose cache add [ 'serve-favicon@~2.2.0', null ]
48 verbose cache add name=undefined spec="serve-favicon@~2.2.0" args=["serve-favicon@~2.2.0",null]
49 verbose parsed url { protocol: null,
49 verbose parsed url   slashes: null,
49 verbose parsed url   auth: null,
49 verbose parsed url   host: null,
49 verbose parsed url   port: null,
49 verbose parsed url   hostname: null,
49 verbose parsed url   hash: null,
49 verbose parsed url   search: null,
49 verbose parsed url   query: null,
49 verbose parsed url   pathname: 'serve-favicon@~2.2.0',
49 verbose parsed url   path: 'serve-favicon@~2.2.0',
49 verbose parsed url   href: 'serve-favicon@~2.2.0' }
50 verbose cache add name="jade" spec="~1.9.0" args=["jade","~1.9.0"]
51 verbose parsed url { protocol: null,
51 verbose parsed url   slashes: null,
51 verbose parsed url   auth: null,
51 verbose parsed url   host: null,
51 verbose parsed url   port: null,
51 verbose parsed url   hostname: null,
51 verbose parsed url   hash: null,
51 verbose parsed url   search: null,
51 verbose parsed url   query: null,
51 verbose parsed url   pathname: '~1.9.0',
51 verbose parsed url   path: '~1.9.0',
51 verbose parsed url   href: '~1.9.0' }
52 verbose addNamed [ 'jade', '~1.9.0' ]
53 verbose addNamed [ null, '>=1.9.0-0 <1.10.0-0' ]
54 silly lockFile 398df342-jade-1-9-0 jade@~1.9.0
55 verbose lock jade@~1.9.0 /Users/jesserafalko/.npm/398df342-jade-1-9-0.lock
56 verbose cache add name="morgan" spec="~1.5.1" args=["morgan","~1.5.1"]
57 verbose parsed url { protocol: null,
57 verbose parsed url   slashes: null,
57 verbose parsed url   auth: null,
57 verbose parsed url   host: null,
57 verbose parsed url   port: null,
57 verbose parsed url   hostname: null,
57 verbose parsed url   hash: null,
57 verbose parsed url   search: null,
57 verbose parsed url   query: null,
57 verbose parsed url   pathname: '~1.5.1',
57 verbose parsed url   path: '~1.5.1',
57 verbose parsed url   href: '~1.5.1' }
58 verbose addNamed [ 'morgan', '~1.5.1' ]
59 verbose addNamed [ null, '>=1.5.1-0 <1.6.0-0' ]
60 silly lockFile 66ba047d-morgan-1-5-1 morgan@~1.5.1
61 verbose lock morgan@~1.5.1 /Users/jesserafalko/.npm/66ba047d-morgan-1-5-1.lock
62 verbose cache add name="oauth" spec="^0.9.0" args=["oauth","^0.9.0"]
63 verbose parsed url { protocol: null,
63 verbose parsed url   slashes: null,
63 verbose parsed url   auth: null,
63 verbose parsed url   host: null,
63 verbose parsed url   port: null,
63 verbose parsed url   hostname: null,
63 verbose parsed url   hash: null,
63 verbose parsed url   search: null,
63 verbose parsed url   query: null,
63 verbose parsed url   pathname: '^0.9.0',
63 verbose parsed url   path: '^0.9.0',
63 verbose parsed url   href: '^0.9.0' }
64 verbose addNamed [ 'oauth', '^0.9.0' ]
65 verbose addNamed [ null, '>=0.9.0-0 <0.10.0-0' ]
66 silly lockFile a98d28d3-oauth-0-9-0 oauth@^0.9.0
67 verbose lock oauth@^0.9.0 /Users/jesserafalko/.npm/a98d28d3-oauth-0-9-0.lock
68 verbose cache add name="request" spec="^2.0.0" args=["request","^2.0.0"]
69 verbose parsed url { protocol: null,
69 verbose parsed url   slashes: null,
69 verbose parsed url   auth: null,
69 verbose parsed url   host: null,
69 verbose parsed url   port: null,
69 verbose parsed url   hostname: null,
69 verbose parsed url   hash: null,
69 verbose parsed url   search: null,
69 verbose parsed url   query: null,
69 verbose parsed url   pathname: '^2.0.0',
69 verbose parsed url   path: '^2.0.0',
69 verbose parsed url   href: '^2.0.0' }
70 verbose addNamed [ 'request', '^2.0.0' ]
71 verbose addNamed [ null, '>=2.0.0-0 <3.0.0-0' ]
72 silly lockFile e6e1eba8-request-2-0-0 request@^2.0.0
73 verbose lock request@^2.0.0 /Users/jesserafalko/.npm/e6e1eba8-request-2-0-0.lock
74 verbose cache add name="serve-favicon" spec="~2.2.0" args=["serve-favicon","~2.2.0"]
75 verbose parsed url { protocol: null,
75 verbose parsed url   slashes: null,
75 verbose parsed url   auth: null,
75 verbose parsed url   host: null,
75 verbose parsed url   port: null,
75 verbose parsed url   hostname: null,
75 verbose parsed url   hash: null,
75 verbose parsed url   search: null,
75 verbose parsed url   query: null,
75 verbose parsed url   pathname: '~2.2.0',
75 verbose parsed url   path: '~2.2.0',
75 verbose parsed url   href: '~2.2.0' }
76 verbose addNamed [ 'serve-favicon', '~2.2.0' ]
77 verbose addNamed [ null, '>=2.2.0-0 <2.3.0-0' ]
78 silly lockFile 9df5bad7-serve-favicon-2-2-0 serve-favicon@~2.2.0
79 verbose lock serve-favicon@~2.2.0 /Users/jesserafalko/.npm/9df5bad7-serve-favicon-2-2-0.lock
80 verbose cache add [ 'body-parser@~1.10.1', null ]
81 verbose cache add name=undefined spec="body-parser@~1.10.1" args=["body-parser@~1.10.1",null]
82 verbose parsed url { protocol: null,
82 verbose parsed url   slashes: null,
82 verbose parsed url   auth: null,
82 verbose parsed url   host: null,
82 verbose parsed url   port: null,
82 verbose parsed url   hostname: null,
82 verbose parsed url   hash: null,
82 verbose parsed url   search: null,
82 verbose parsed url   query: null,
82 verbose parsed url   pathname: 'body-parser@~1.10.1',
82 verbose parsed url   path: 'body-parser@~1.10.1',
82 verbose parsed url   href: 'body-parser@~1.10.1' }
83 verbose cache add [ 'cookie-parser@~1.3.3', null ]
84 verbose cache add name=undefined spec="cookie-parser@~1.3.3" args=["cookie-parser@~1.3.3",null]
85 verbose parsed url { protocol: null,
85 verbose parsed url   slashes: null,
85 verbose parsed url   auth: null,
85 verbose parsed url   host: null,
85 verbose parsed url   port: null,
85 verbose parsed url   hostname: null,
85 verbose parsed url   hash: null,
85 verbose parsed url   search: null,
85 verbose parsed url   query: null,
85 verbose parsed url   pathname: 'cookie-parser@~1.3.3',
85 verbose parsed url   path: 'cookie-parser@~1.3.3',
85 verbose parsed url   href: 'cookie-parser@~1.3.3' }
86 silly addNameRange { name: 'debug', range: '>=2.1.1-0 <2.2.0-0', hasData: false }
87 silly addNameRange { name: 'express',
87 silly addNameRange   range: '>=4.11.0-0 <4.12.0-0',
87 silly addNameRange   hasData: false }
88 silly addNameRange { name: 'http', range: '>=1.0.0-0 <2.0.0-0', hasData: false }
89 verbose cache add name="body-parser" spec="~1.10.1" args=["body-parser","~1.10.1"]
90 verbose parsed url { protocol: null,
90 verbose parsed url   slashes: null,
90 verbose parsed url   auth: null,
90 verbose parsed url   host: null,
90 verbose parsed url   port: null,
90 verbose parsed url   hostname: null,
90 verbose parsed url   hash: null,
90 verbose parsed url   search: null,
90 verbose parsed url   query: null,
90 verbose parsed url   pathname: '~1.10.1',
90 verbose parsed url   path: '~1.10.1',
90 verbose parsed url   href: '~1.10.1' }
91 verbose addNamed [ 'body-parser', '~1.10.1' ]
92 verbose addNamed [ null, '>=1.10.1-0 <1.11.0-0' ]
93 silly lockFile 8e4fa182-body-parser-1-10-1 body-parser@~1.10.1
94 verbose lock body-parser@~1.10.1 /Users/jesserafalko/.npm/8e4fa182-body-parser-1-10-1.lock
95 verbose cache add name="cookie-parser" spec="~1.3.3" args=["cookie-parser","~1.3.3"]
96 verbose parsed url { protocol: null,
96 verbose parsed url   slashes: null,
96 verbose parsed url   auth: null,
96 verbose parsed url   host: null,
96 verbose parsed url   port: null,
96 verbose parsed url   hostname: null,
96 verbose parsed url   hash: null,
96 verbose parsed url   search: null,
96 verbose parsed url   query: null,
96 verbose parsed url   pathname: '~1.3.3',
96 verbose parsed url   path: '~1.3.3',
96 verbose parsed url   href: '~1.3.3' }
97 verbose addNamed [ 'cookie-parser', '~1.3.3' ]
98 verbose addNamed [ null, '>=1.3.3-0 <1.4.0-0' ]
99 silly lockFile bf5babd8-cookie-parser-1-3-3 cookie-parser@~1.3.3
100 verbose lock cookie-parser@~1.3.3 /Users/jesserafalko/.npm/bf5babd8-cookie-parser-1-3-3.lock
101 silly addNameRange { name: 'jade', range: '>=1.9.0-0 <1.10.0-0', hasData: false }
102 silly addNameRange { name: 'morgan', range: '>=1.5.1-0 <1.6.0-0', hasData: false }
103 silly addNameRange { name: 'oauth', range: '>=0.9.0-0 <0.10.0-0', hasData: false }
104 silly addNameRange { name: 'request', range: '>=2.0.0-0 <3.0.0-0', hasData: false }
105 silly addNameRange { name: 'serve-favicon',
105 silly addNameRange   range: '>=2.2.0-0 <2.3.0-0',
105 silly addNameRange   hasData: false }
106 silly addNameRange { name: 'body-parser',
106 silly addNameRange   range: '>=1.10.1-0 <1.11.0-0',
106 silly addNameRange   hasData: false }
107 silly addNameRange { name: 'cookie-parser',
107 silly addNameRange   range: '>=1.3.3-0 <1.4.0-0',
107 silly addNameRange   hasData: false }
108 verbose request where is /debug
109 verbose request registry https://registry.npmjs.org/
110 verbose request id b8a6bd8f02166cd6
111 verbose url raw /debug
112 verbose url resolving [ 'https://registry.npmjs.org/', './debug' ]
113 verbose url resolved https://registry.npmjs.org/debug
114 verbose request where is https://registry.npmjs.org/debug
115 info trying registry request attempt 1 at 11:40:01
116 verbose etag "1MJZ2BQIRDRA2YNZUMGE34L1O"
117 http GET https://registry.npmjs.org/debug
118 verbose request where is /http
119 verbose request registry https://registry.npmjs.org/
120 verbose url raw /http
121 verbose url resolving [ 'https://registry.npmjs.org/', './http' ]
122 verbose url resolved https://registry.npmjs.org/http
123 verbose request where is https://registry.npmjs.org/http
124 info trying registry request attempt 1 at 11:40:01
125 verbose etag "CGM31LY11P1C1H4SPDC14JSKP"
126 http GET https://registry.npmjs.org/http
127 verbose request where is /oauth
128 verbose request registry https://registry.npmjs.org/
129 verbose url raw /oauth
130 verbose url resolving [ 'https://registry.npmjs.org/', './oauth' ]
131 verbose url resolved https://registry.npmjs.org/oauth
132 verbose request where is https://registry.npmjs.org/oauth
133 info trying registry request attempt 1 at 11:40:01
134 verbose etag "70IQO49R6GKGXLF2LW374CFPX"
135 http GET https://registry.npmjs.org/oauth
136 verbose request where is /morgan
137 verbose request registry https://registry.npmjs.org/
138 verbose url raw /morgan
139 verbose url resolving [ 'https://registry.npmjs.org/', './morgan' ]
140 verbose url resolved https://registry.npmjs.org/morgan
141 verbose request where is https://registry.npmjs.org/morgan
142 info trying registry request attempt 1 at 11:40:01
143 verbose etag "L97DS0NRI2U3NPM1YWH1Y3NB"
144 http GET https://registry.npmjs.org/morgan
145 verbose request where is /jade
146 verbose request registry https://registry.npmjs.org/
147 verbose url raw /jade
148 verbose url resolving [ 'https://registry.npmjs.org/', './jade' ]
149 verbose url resolved https://registry.npmjs.org/jade
150 verbose request where is https://registry.npmjs.org/jade
151 info trying registry request attempt 1 at 11:40:01
152 verbose etag "2BPUP6O6JQDB03B22TBACNROQ"
153 http GET https://registry.npmjs.org/jade
154 verbose request where is /serve-favicon
155 verbose request registry https://registry.npmjs.org/
156 verbose url raw /serve-favicon
157 verbose url resolving [ 'https://registry.npmjs.org/', './serve-favicon' ]
158 verbose url resolved https://registry.npmjs.org/serve-favicon
159 verbose request where is https://registry.npmjs.org/serve-favicon
160 info trying registry request attempt 1 at 11:40:01
161 verbose etag "4EI7YHZ7SMY7Q01QBBO7RC2QQ"
162 http GET https://registry.npmjs.org/serve-favicon
163 verbose request where is /express
164 verbose request registry https://registry.npmjs.org/
165 verbose url raw /express
166 verbose url resolving [ 'https://registry.npmjs.org/', './express' ]
167 verbose url resolved https://registry.npmjs.org/express
168 verbose request where is https://registry.npmjs.org/express
169 info trying registry request attempt 1 at 11:40:02
170 verbose etag "AF93FCRJSCRI0LQ1926JJZEXE"
171 http GET https://registry.npmjs.org/express
172 verbose request where is /cookie-parser
173 verbose request registry https://registry.npmjs.org/
174 verbose url raw /cookie-parser
175 verbose url resolving [ 'https://registry.npmjs.org/', './cookie-parser' ]
176 verbose url resolved https://registry.npmjs.org/cookie-parser
177 verbose request where is https://registry.npmjs.org/cookie-parser
178 info trying registry request attempt 1 at 11:40:02
179 verbose etag "C4T22OQW3FDZL45L1H4CFJF8C"
180 http GET https://registry.npmjs.org/cookie-parser
181 verbose request where is /request
182 verbose request registry https://registry.npmjs.org/
183 verbose url raw /request
184 verbose url resolving [ 'https://registry.npmjs.org/', './request' ]
185 verbose url resolved https://registry.npmjs.org/request
186 verbose request where is https://registry.npmjs.org/request
187 info trying registry request attempt 1 at 11:40:02
188 verbose etag "CK400HF21XOHKH87BQY93NSR6"
189 http GET https://registry.npmjs.org/request
190 verbose request where is /body-parser
191 verbose request registry https://registry.npmjs.org/
192 verbose url raw /body-parser
193 verbose url resolving [ 'https://registry.npmjs.org/', './body-parser' ]
194 verbose url resolved https://registry.npmjs.org/body-parser
195 verbose request where is https://registry.npmjs.org/body-parser
196 info trying registry request attempt 1 at 11:40:02
197 verbose etag "AM92QHQ3G80IUM6R67XRWM24C"
198 http GET https://registry.npmjs.org/body-parser
199 http 304 https://registry.npmjs.org/oauth
200 silly registry.get cb [ 304,
200 silly registry.get   { date: 'Sat, 17 Jan 2015 16:40:02 GMT',
200 silly registry.get     server: 'Apache',
200 silly registry.get     via: '1.1 varnish',
200 silly registry.get     'last-modified': 'Sat, 17 Jan 2015 16:40:02 GMT',
200 silly registry.get     'cache-control': 'max-age=60',
200 silly registry.get     etag: '"70IQO49R6GKGXLF2LW374CFPX"',
200 silly registry.get     age: '30',
200 silly registry.get     'x-served-by': 'cache-iad2141-IAD',
200 silly registry.get     'x-cache': 'HIT',
200 silly registry.get     'x-cache-hits': '1',
200 silly registry.get     'x-timer': 'S1421512802.277825,VS0,VE0',
200 silly registry.get     vary: 'Accept',
200 silly registry.get     'content-length': '0',
200 silly registry.get     'keep-alive': 'timeout=10, max=50',
200 silly registry.get     connection: 'Keep-Alive' } ]
201 verbose etag https://registry.npmjs.org/oauth from cache
202 http 304 https://registry.npmjs.org/http
203 silly registry.get cb [ 304,
203 silly registry.get   { date: 'Sat, 17 Jan 2015 16:40:02 GMT',
203 silly registry.get     server: 'Apache',
203 silly registry.get     via: '1.1 varnish',
203 silly registry.get     'last-modified': 'Sat, 17 Jan 2015 16:40:02 GMT',
203 silly registry.get     'cache-control': 'max-age=60',
203 silly registry.get     etag: '"CGM31LY11P1C1H4SPDC14JSKP"',
203 silly registry.get     age: '30',
203 silly registry.get     'x-served-by': 'cache-iad2122-IAD',
203 silly registry.get     'x-cache': 'HIT',
203 silly registry.get     'x-cache-hits': '1',
203 silly registry.get     'x-timer': 'S1421512802.278357,VS0,VE0',
203 silly registry.get     vary: 'Accept',
203 silly registry.get     'content-length': '0',
203 silly registry.get     'keep-alive': 'timeout=10, max=50',
203 silly registry.get     connection: 'Keep-Alive' } ]
204 verbose etag https://registry.npmjs.org/http from cache
205 http 304 https://registry.npmjs.org/morgan
206 silly registry.get cb [ 304,
206 silly registry.get   { date: 'Sat, 17 Jan 2015 16:40:02 GMT',
206 silly registry.get     server: 'Apache',
206 silly registry.get     via: '1.1 varnish',
206 silly registry.get     'last-modified': 'Sat, 17 Jan 2015 16:40:02 GMT',
206 silly registry.get     'cache-control': 'max-age=60',
206 silly registry.get     etag: '"L97DS0NRI2U3NPM1YWH1Y3NB"',
206 silly registry.get     age: '39',
206 silly registry.get     'x-served-by': 'cache-iad2147-IAD',
206 silly registry.get     'x-cache': 'HIT',
206 silly registry.get     'x-cache-hits': '1',
206 silly registry.get     'x-timer': 'S1421512802.279021,VS0,VE0',
206 silly registry.get     vary: 'Accept',
206 silly registry.get     'content-length': '0',
206 silly registry.get     'keep-alive': 'timeout=10, max=50',
206 silly registry.get     connection: 'Keep-Alive' } ]
207 verbose etag https://registry.npmjs.org/morgan from cache
208 http 304 https://registry.npmjs.org/debug
209 silly registry.get cb [ 304,
209 silly registry.get   { date: 'Sat, 17 Jan 2015 16:40:02 GMT',
209 silly registry.get     server: 'Apache',
209 silly registry.get     via: '1.1 varnish',
209 silly registry.get     'last-modified': 'Sat, 17 Jan 2015 16:40:02 GMT',
209 silly registry.get     'cache-control': 'max-age=60',
209 silly registry.get     etag: '"1MJZ2BQIRDRA2YNZUMGE34L1O"',
209 silly registry.get     age: '15',
209 silly registry.get     'x-served-by': 'cache-iad2128-IAD',
209 silly registry.get     'x-cache': 'HIT',
209 silly registry.get     'x-cache-hits': '1',
209 silly registry.get     'x-timer': 'S1421512802.278523,VS0,VE0',
209 silly registry.get     vary: 'Accept',
209 silly registry.get     'content-length': '0',
209 silly registry.get     'keep-alive': 'timeout=10, max=50',
209 silly registry.get     connection: 'Keep-Alive' } ]
210 verbose etag https://registry.npmjs.org/debug from cache
211 http 304 https://registry.npmjs.org/jade
212 silly registry.get cb [ 304,
212 silly registry.get   { date: 'Sat, 17 Jan 2015 16:40:02 GMT',
212 silly registry.get     server: 'Apache',
212 silly registry.get     via: '1.1 varnish',
212 silly registry.get     'last-modified': 'Sat, 17 Jan 2015 16:40:02 GMT',
212 silly registry.get     'cache-control': 'max-age=60',
212 silly registry.get     etag: '"2BPUP6O6JQDB03B22TBACNROQ"',
212 silly registry.get     age: '30',
212 silly registry.get     'x-served-by': 'cache-iad2130-IAD',
212 silly registry.get     'x-cache': 'HIT',
212 silly registry.get     'x-cache-hits': '1',
212 silly registry.get     'x-timer': 'S1421512802.277672,VS0,VE2',
212 silly registry.get     vary: 'Accept',
212 silly registry.get     'content-length': '0',
212 silly registry.get     'keep-alive': 'timeout=10, max=50',
212 silly registry.get     connection: 'Keep-Alive' } ]
213 verbose etag https://registry.npmjs.org/jade from cache
214 silly addNameRange number 2 { name: 'oauth', range: '>=0.9.0-0 <0.10.0-0', hasData: true }
215 silly addNameRange versions [ 'oauth',
215 silly addNameRange   [ '0.7.4',
215 silly addNameRange     '0.7.5',
215 silly addNameRange     '0.7.6',
215 silly addNameRange     '0.7.7',
215 silly addNameRange     '0.8.0',
215 silly addNameRange     '0.8.1',
215 silly addNameRange     '0.8.2',
215 silly addNameRange     '0.8.3',
215 silly addNameRange     '0.8.4',
215 silly addNameRange     '0.9.0',
215 silly addNameRange     '0.9.1',
215 silly addNameRange     '0.9.2',
215 silly addNameRange     '0.9.3',
215 silly addNameRange     '0.9.4',
215 silly addNameRange     '0.9.5',
215 silly addNameRange     '0.9.6',
215 silly addNameRange     '0.9.7',
215 silly addNameRange     '0.9.8',
215 silly addNameRange     '0.9.9',
215 silly addNameRange     '0.9.10',
215 silly addNameRange     '0.9.11',
215 silly addNameRange     '0.9.12' ] ]
216 verbose addNamed [ 'oauth', '0.9.12' ]
217 verbose addNamed [ '0.9.12', '0.9.12' ]
218 silly lockFile 7dc731cf-oauth-0-9-12 oauth@0.9.12
219 verbose lock oauth@0.9.12 /Users/jesserafalko/.npm/7dc731cf-oauth-0-9-12.lock
220 silly addNameRange number 2 { name: 'http', range: '>=1.0.0-0 <2.0.0-0', hasData: true }
221 silly addNameRange versions [ 'http', [ '0.0.0' ] ]
222 silly lockFile fb1d135c-http-1-0-0 http@^1.0.0
223 silly lockFile fb1d135c-http-1-0-0 http@^1.0.0
224 silly addNameRange number 2 { name: 'morgan', range: '>=1.5.1-0 <1.6.0-0', hasData: true }
225 silly addNameRange versions [ 'morgan',
225 silly addNameRange   [ '1.0.0',
225 silly addNameRange     '1.0.1',
225 silly addNameRange     '1.1.0',
225 silly addNameRange     '1.1.1',
225 silly addNameRange     '1.2.0',
225 silly addNameRange     '1.2.1',
225 silly addNameRange     '1.2.2',
225 silly addNameRange     '1.2.3',
225 silly addNameRange     '1.3.0',
225 silly addNameRange     '1.3.1',
225 silly addNameRange     '1.3.2',
225 silly addNameRange     '1.4.0',
225 silly addNameRange     '1.4.1',
225 silly addNameRange     '1.5.0',
225 silly addNameRange     '1.5.1' ] ]
226 verbose addNamed [ 'morgan', '1.5.1' ]
227 verbose addNamed [ '1.5.1', '1.5.1' ]
228 silly lockFile 7ab299d0-morgan-1-5-1 morgan@1.5.1
229 verbose lock morgan@1.5.1 /Users/jesserafalko/.npm/7ab299d0-morgan-1-5-1.lock
230 silly addNameRange number 2 { name: 'debug', range: '>=2.1.1-0 <2.2.0-0', hasData: true }
231 silly addNameRange versions [ 'debug',
231 silly addNameRange   [ '0.0.1',
231 silly addNameRange     '0.1.0',
231 silly addNameRange     '0.2.0',
231 silly addNameRange     '0.3.0',
231 silly addNameRange     '0.4.0',
231 silly addNameRange     '0.4.1',
231 silly addNameRange     '0.5.0',
231 silly addNameRange     '0.6.0',
231 silly addNameRange     '0.7.0',
231 silly addNameRange     '0.7.1',
231 silly addNameRange     '0.7.2',
231 silly addNameRange     '0.7.3',
231 silly addNameRange     '0.7.4',
231 silly addNameRange     '0.8.0',
231 silly addNameRange     '0.8.1',
231 silly addNameRange     '1.0.0',
231 silly addNameRange     '1.0.1',
231 silly addNameRange     '1.0.2',
231 silly addNameRange     '1.0.3',
231 silly addNameRange     '1.0.4',
231 silly addNameRange     '2.0.0',
231 silly addNameRange     '2.1.0',
231 silly addNameRange     '2.1.1' ] ]
232 verbose addNamed [ 'debug', '2.1.1' ]
233 verbose addNamed [ '2.1.1', '2.1.1' ]
234 silly lockFile 656b33b7-debug-2-1-1 debug@2.1.1
235 verbose lock debug@2.1.1 /Users/jesserafalko/.npm/656b33b7-debug-2-1-1.lock
236 silly addNameRange number 2 { name: 'jade', range: '>=1.9.0-0 <1.10.0-0', hasData: true }
237 silly addNameRange versions [ 'jade',
237 silly addNameRange   [ '0.0.1',
237 silly addNameRange     '0.0.2',
237 silly addNameRange     '0.1.0',
237 silly addNameRange     '0.2.0',
237 silly addNameRange     '0.2.1',
237 silly addNameRange     '0.2.2',
237 silly addNameRange     '0.2.3',
237 silly addNameRange     '0.2.4',
237 silly addNameRange     '0.3.0',
237 silly addNameRange     '0.4.0',
237 silly addNameRange     '0.4.1',
237 silly addNameRange     '0.5.0',
237 silly addNameRange     '0.5.1',
237 silly addNameRange     '0.5.2',
237 silly addNameRange     '0.5.3',
237 silly addNameRange     '0.5.4',
237 silly addNameRange     '0.5.5',
237 silly addNameRange     '0.5.6',
237 silly addNameRange     '0.5.7',
237 silly addNameRange     '0.6.0',
237 silly addNameRange     '0.6.1',
237 silly addNameRange     '0.6.3',
237 silly addNameRange     '0.7.0',
237 silly addNameRange     '0.7.1',
237 silly addNameRange     '0.8.0',
237 silly addNameRange     '0.8.1',
237 silly addNameRange     '0.8.2',
237 silly addNameRange     '0.8.3',
237 silly addNameRange     '0.8.4',
237 silly addNameRange     '0.8.5',
237 silly addNameRange     '0.8.6',
237 silly addNameRange     '0.8.7',
237 silly addNameRange     '0.8.8',
237 silly addNameRange     '0.8.9',
237 silly addNameRange     '0.9.0',
237 silly addNameRange     '0.9.1',
237 silly addNameRange     '0.9.2',
237 silly addNameRange     '0.9.3',
237 silly addNameRange     '0.10.0',
237 silly addNameRange     '0.10.1',
237 silly addNameRange     '0.10.2',
237 silly addNameRange     '0.10.3',
237 silly addNameRange     '0.10.4',
237 silly addNameRange     '0.10.5',
237 silly addNameRange     '0.10.6',
237 silly addNameRange     '0.10.7',
237 silly addNameRange     '0.11.0',
237 silly addNameRange     '0.11.1',
237 silly addNameRange     '0.12.0',
237 silly addNameRange     '0.12.1',
237 silly addNameRange     '0.12.2',
237 silly addNameRange     '0.12.3',
237 silly addNameRange     '0.12.4',
237 silly addNameRange     '0.13.0',
237 silly addNameRange     '0.14.0',
237 silly addNameRange     '0.14.1',
237 silly addNameRange     '0.14.2',
237 silly addNameRange     '0.15.0',
237 silly addNameRange     '0.15.1',
237 silly addNameRange     '0.15.2',
237 silly addNameRange     '0.15.3',
237 silly addNameRange     '0.15.4',
237 silly addNameRange     '0.16.0',
237 silly addNameRange     '0.16.1',
237 silly addNameRange     '0.16.2',
237 silly addNameRange     '0.16.3',
237 silly addNameRange     '0.16.4',
237 silly addNameRange     '0.17.0',
237 silly addNameRange     '0.18.0',
237 silly addNameRange     '0.19.0',
237 silly addNameRange     '0.20.0',
237 silly addNameRange     '0.20.1',
237 silly addNameRange     '0.20.2',
237 silly addNameRange     '0.20.3',
237 silly addNameRange     '0.21.0',
237 silly addNameRange     '0.22.0',
237 silly addNameRange     '0.22.1',
237 silly addNameRange     '0.23.0',
237 silly addNameRange     '0.24.0',
237 silly addNameRange     '0.25.0',
237 silly addNameRange     '0.26.0',
237 silly addNameRange     '0.26.1',
237 silly addNameRange     '0.26.2',
237 silly addNameRange     '0.26.3',
237 silly addNameRange     '0.27.0',
237 silly addNameRange     '0.27.1',
237 silly addNameRange     '0.27.2',
237 silly addNameRange     '0.27.3',
237 silly addNameRange     '0.27.4',
237 silly addNameRange     '0.27.5',
237 silly addNameRange     '0.27.6',
237 silly addNameRange     '0.27.7',
237 silly addNameRange     '0.28.0',
237 silly addNameRange     '0.28.1',
237 silly addNameRange     '0.28.2',
237 silly addNameRange     '0.29.0',
237 silly addNameRange     '0.30.0',
237 silly addNameRange     '0.31.0',
237 silly addNameRange     '0.31.1',
237 silly addNameRange     '0.31.2',
237 silly addNameRange     '0.32.0',
237 silly addNameRange     '0.33.0',
237 silly addNameRange     '0.34.0',
237 silly addNameRange     '0.34.1',
237 silly addNameRange     '0.35.0',
237 silly addNameRange     '1.0.0',
237 silly addNameRange     '1.0.1',
237 silly addNameRange     '1.0.2',
237 silly addNameRange     '1.1.0',
237 silly addNameRange     '1.1.1',
237 silly addNameRange     '1.1.2',
237 silly addNameRange     '1.1.3',
237 silly addNameRange     '1.1.4',
237 silly addNameRange     '1.1.5',
237 silly addNameRange     '1.2.0',
237 silly addNameRange     '1.3.0',
237 silly addNameRange     '1.3.1',
237 silly addNameRange     '1.4.0',
237 silly addNameRange     '1.4.1',
237 silly addNameRange     '1.4.2',
237 silly addNameRange     '1.5.0',
237 silly addNameRange     '1.6.0',
237 silly addNameRange     '1.7.0',
237 silly addNameRange     '1.8.0',
237 silly addNameRange     '1.8.1',
237 silly addNameRange     '1.8.2',
237 silly addNameRange     '1.9.0' ] ]
238 verbose addNamed [ 'jade', '1.9.0' ]
239 verbose addNamed [ '1.9.0', '1.9.0' ]
240 silly lockFile 3f62c699-jade-1-9-0 jade@1.9.0
241 verbose lock jade@1.9.0 /Users/jesserafalko/.npm/3f62c699-jade-1-9-0.lock
242 http 304 https://registry.npmjs.org/serve-favicon
243 silly registry.get cb [ 304,
243 silly registry.get   { date: 'Sat, 17 Jan 2015 16:40:02 GMT',
243 silly registry.get     server: 'Apache',
243 silly registry.get     via: '1.1 varnish',
243 silly registry.get     'last-modified': 'Sat, 17 Jan 2015 16:40:02 GMT',
243 silly registry.get     'cache-control': 'max-age=60',
243 silly registry.get     etag: '"4EI7YHZ7SMY7Q01QBBO7RC2QQ"',
243 silly registry.get     age: '32',
243 silly registry.get     'x-served-by': 'cache-iad2141-IAD',
243 silly registry.get     'x-cache': 'HIT',
243 silly registry.get     'x-cache-hits': '1',
243 silly registry.get     'x-timer': 'S1421512802.345224,VS0,VE0',
243 silly registry.get     vary: 'Accept',
243 silly registry.get     'content-length': '0',
243 silly registry.get     'keep-alive': 'timeout=10, max=49',
243 silly registry.get     connection: 'Keep-Alive' } ]
244 verbose etag https://registry.npmjs.org/serve-favicon from cache
245 http 304 https://registry.npmjs.org/cookie-parser
246 silly registry.get cb [ 304,
246 silly registry.get   { date: 'Sat, 17 Jan 2015 16:40:02 GMT',
246 silly registry.get     server: 'Apache',
246 silly registry.get     via: '1.1 varnish',
246 silly registry.get     'last-modified': 'Sat, 17 Jan 2015 16:40:02 GMT',
246 silly registry.get     'cache-control': 'max-age=60',
246 silly registry.get     etag: '"C4T22OQW3FDZL45L1H4CFJF8C"',
246 silly registry.get     age: '32',
246 silly registry.get     'x-served-by': 'cache-iad2147-IAD',
246 silly registry.get     'x-cache': 'HIT',
246 silly registry.get     'x-cache-hits': '1',
246 silly registry.get     'x-timer': 'S1421512802.351746,VS0,VE0',
246 silly registry.get     vary: 'Accept',
246 silly registry.get     'content-length': '0',
246 silly registry.get     'keep-alive': 'timeout=10, max=49',
246 silly registry.get     connection: 'Keep-Alive' } ]
247 verbose etag https://registry.npmjs.org/cookie-parser from cache
248 http 304 https://registry.npmjs.org/express
249 silly registry.get cb [ 304,
249 silly registry.get   { date: 'Sat, 17 Jan 2015 16:40:02 GMT',
249 silly registry.get     server: 'Apache',
249 silly registry.get     via: '1.1 varnish',
249 silly registry.get     'last-modified': 'Sat, 17 Jan 2015 16:40:02 GMT',
249 silly registry.get     'cache-control': 'max-age=60',
249 silly registry.get     etag: '"AF93FCRJSCRI0LQ1926JJZEXE"',
249 silly registry.get     age: '30',
249 silly registry.get     'x-served-by': 'cache-iad2122-IAD',
249 silly registry.get     'x-cache': 'HIT',
249 silly registry.get     'x-cache-hits': '1',
249 silly registry.get     'x-timer': 'S1421512802.351149,VS0,VE2',
249 silly registry.get     vary: 'Accept',
249 silly registry.get     'content-length': '0',
249 silly registry.get     'keep-alive': 'timeout=10, max=49',
249 silly registry.get     connection: 'Keep-Alive' } ]
250 verbose etag https://registry.npmjs.org/express from cache
251 http 304 https://registry.npmjs.org/request
252 silly registry.get cb [ 304,
252 silly registry.get   { date: 'Sat, 17 Jan 2015 16:40:02 GMT',
252 silly registry.get     server: 'Apache',
252 silly registry.get     via: '1.1 varnish',
252 silly registry.get     'last-modified': 'Sat, 17 Jan 2015 16:40:02 GMT',
252 silly registry.get     'cache-control': 'max-age=60',
252 silly registry.get     etag: '"CK400HF21XOHKH87BQY93NSR6"',
252 silly registry.get     age: '15',
252 silly registry.get     'x-served-by': 'cache-iad2128-IAD',
252 silly registry.get     'x-cache': 'HIT',
252 silly registry.get     'x-cache-hits': '1',
252 silly registry.get     'x-timer': 'S1421512802.356089,VS0,VE1',
252 silly registry.get     vary: 'Accept',
252 silly registry.get     'content-length': '0',
252 silly registry.get     'keep-alive': 'timeout=10, max=49',
252 silly registry.get     connection: 'Keep-Alive' } ]
253 verbose etag https://registry.npmjs.org/request from cache
254 http 304 https://registry.npmjs.org/body-parser
255 silly registry.get cb [ 304,
255 silly registry.get   { date: 'Sat, 17 Jan 2015 16:40:02 GMT',
255 silly registry.get     server: 'Apache',
255 silly registry.get     via: '1.1 varnish',
255 silly registry.get     'last-modified': 'Sat, 17 Jan 2015 16:40:02 GMT',
255 silly registry.get     'cache-control': 'max-age=60',
255 silly registry.get     etag: '"AM92QHQ3G80IUM6R67XRWM24C"',
255 silly registry.get     age: '32',
255 silly registry.get     'x-served-by': 'cache-iad2130-IAD',
255 silly registry.get     'x-cache': 'HIT',
255 silly registry.get     'x-cache-hits': '1',
255 silly registry.get     'x-timer': 'S1421512802.355545,VS0,VE0',
255 silly registry.get     vary: 'Accept',
255 silly registry.get     'content-length': '0',
255 silly registry.get     'keep-alive': 'timeout=10, max=49',
255 silly registry.get     connection: 'Keep-Alive' } ]
256 verbose etag https://registry.npmjs.org/body-parser from cache
257 silly lockFile 656b33b7-debug-2-1-1 debug@2.1.1
258 silly lockFile 656b33b7-debug-2-1-1 debug@2.1.1
259 silly addNameRange number 2 { name: 'serve-favicon',
259 silly addNameRange   range: '>=2.2.0-0 <2.3.0-0',
259 silly addNameRange   hasData: true }
260 silly addNameRange versions [ 'serve-favicon',
260 silly addNameRange   [ '2.0.0',
260 silly addNameRange     '2.0.1',
260 silly addNameRange     '2.1.0',
260 silly addNameRange     '2.1.1',
260 silly addNameRange     '2.1.2',
260 silly addNameRange     '2.1.3',
260 silly addNameRange     '2.1.4',
260 silly addNameRange     '2.1.5',
260 silly addNameRange     '2.1.6',
260 silly addNameRange     '2.1.7',
260 silly addNameRange     '2.2.0' ] ]
261 verbose addNamed [ 'serve-favicon', '2.2.0' ]
262 verbose addNamed [ '2.2.0', '2.2.0' ]
263 silly lockFile cef81d7c-serve-favicon-2-2-0 serve-favicon@2.2.0
264 verbose lock serve-favicon@2.2.0 /Users/jesserafalko/.npm/cef81d7c-serve-favicon-2-2-0.lock
265 silly addNameRange number 2 { name: 'cookie-parser',
265 silly addNameRange   range: '>=1.3.3-0 <1.4.0-0',
265 silly addNameRange   hasData: true }
266 silly addNameRange versions [ 'cookie-parser',
266 silly addNameRange   [ '1.0.0',
266 silly addNameRange     '1.0.1',
266 silly addNameRange     '1.1.0',
266 silly addNameRange     '1.2.0',
266 silly addNameRange     '1.3.0',
266 silly addNameRange     '1.3.1',
266 silly addNameRange     '1.3.2',
266 silly addNameRange     '1.3.3' ] ]
267 verbose addNamed [ 'cookie-parser', '1.3.3' ]
268 verbose addNamed [ '1.3.3', '1.3.3' ]
269 silly lockFile 68450bd4-cookie-parser-1-3-3 cookie-parser@1.3.3
270 verbose lock cookie-parser@1.3.3 /Users/jesserafalko/.npm/68450bd4-cookie-parser-1-3-3.lock
271 silly addNameRange number 2 { name: 'express', range: '>=4.11.0-0 <4.12.0-0', hasData: true }
272 silly addNameRange versions [ 'express',
272 silly addNameRange   [ '0.14.0',
272 silly addNameRange     '0.14.1',
272 silly addNameRange     '1.0.0',
272 silly addNameRange     '1.0.1',
272 silly addNameRange     '1.0.2',
272 silly addNameRange     '1.0.3',
272 silly addNameRange     '1.0.4',
272 silly addNameRange     '1.0.5',
272 silly addNameRange     '1.0.6',
272 silly addNameRange     '1.0.7',
272 silly addNameRange     '1.0.8',
272 silly addNameRange     '2.0.0',
272 silly addNameRange     '2.1.0',
272 silly addNameRange     '2.1.1',
272 silly addNameRange     '2.2.0',
272 silly addNameRange     '2.2.1',
272 silly addNameRange     '2.2.2',
272 silly addNameRange     '2.3.0',
272 silly addNameRange     '2.3.1',
272 silly addNameRange     '2.3.2',
272 silly addNameRange     '2.3.3',
272 silly addNameRange     '2.3.4',
272 silly addNameRange     '2.3.5',
272 silly addNameRange     '2.3.6',
272 silly addNameRange     '2.3.7',
272 silly addNameRange     '2.3.8',
272 silly addNameRange     '2.3.9',
272 silly addNameRange     '2.3.10',
272 silly addNameRange     '2.3.11',
272 silly addNameRange     '2.3.12',
272 silly addNameRange     '2.4.0',
272 silly addNameRange     '2.4.1',
272 silly addNameRange     '2.4.2',
272 silly addNameRange     '2.4.3',
272 silly addNameRange     '2.4.4',
272 silly addNameRange     '2.4.5',
272 silly addNameRange     '2.4.6',
272 silly addNameRange     '2.4.7',
272 silly addNameRange     '2.5.0',
272 silly addNameRange     '2.5.1',
272 silly addNameRange     '2.5.2',
272 silly addNameRange     '2.5.3',
272 silly addNameRange     '2.5.4',
272 silly addNameRange     '2.5.5',
272 silly addNameRange     '2.5.6',
272 silly addNameRange     '2.5.7',
272 silly addNameRange     '2.5.8',
272 silly addNameRange     '2.5.9',
272 silly addNameRange     '2.5.10',
272 silly addNameRange     '2.5.11',
272 silly addNameRange     '3.0.0',
272 silly addNameRange     '3.0.1',
272 silly addNameRange     '3.0.2',
272 silly addNameRange     '3.0.3',
272 silly addNameRange     '3.0.4',
272 silly addNameRange     '3.0.5',
272 silly addNameRange     '3.0.6',
272 silly addNameRange     '3.1.0',
272 silly addNameRange     '3.1.1',
272 silly addNameRange     '3.1.2',
272 silly addNameRange     '3.2.0',
272 silly addNameRange     '3.2.1',
272 silly addNameRange     '3.2.2',
272 silly addNameRange     '3.2.3',
272 silly addNameRange     '3.2.4',
272 silly addNameRange     '3.2.5',
272 silly addNameRange     '3.2.6',
272 silly addNameRange     '3.3.0',
272 silly addNameRange     '3.3.1',
272 silly addNameRange     '3.3.2',
272 silly addNameRange     '3.3.3',
272 silly addNameRange     '3.3.4',
272 silly addNameRange     '3.3.5',
272 silly addNameRange     '3.3.6',
272 silly addNameRange     '1.0.0-beta',
272 silly addNameRange     '1.0.0-beta2',
272 silly addNameRange     '1.0.0-rc',
272 silly addNameRange     '1.0.0-rc2',
272 silly addNameRange     '1.0.0-rc3',
272 silly addNameRange     '1.0.0-rc4',
272 silly addNameRange     '2.0.0-beta',
272 silly addNameRange     '2.0.0-beta2',
272 silly addNameRange     '2.0.0-beta3',
272 silly addNameRange     '2.0.0-rc',
272 silly addNameRange     '2.0.0-rc2',
272 silly addNameRange     '2.0.0-rc3',
272 silly addNameRange     '3.0.0-alpha1',
272 silly addNameRange     '3.0.0-alpha2',
272 silly addNameRange     '3.0.0-alpha3',
272 silly addNameRange     '3.0.0-alpha4',
272 silly addNameRange     '3.0.0-alpha5',
272 silly addNameRange     '3.0.0-beta1',
272 silly addNameRange     '3.0.0-beta2',
272 silly addNameRange     '3.0.0-beta3',
272 silly addNameRange     '3.0.0-beta4',
272 silly addNameRange     '3.0.0-beta6',
272 silly addNameRange     '3.0.0-beta7',
272 silly addNameRange     '3.0.0-rc1',
272 silly addNameRange     '3.0.0-rc2',
272 silly addNameRange     '3.0.0-rc3',
272 silly addNameRange     '3.0.0-rc4',
272 silly addNameRange     '3.0.0-rc5',
272 silly addNameRange     '3.3.7',
272 silly addNameRange     '3.3.8',
272 silly addNameRange     '3.4.0',
272 silly addNameRange     '3.4.1',
272 silly addNameRange     '3.4.2',
272 silly addNameRange     '3.4.3',
272 silly addNameRange     '3.4.4',
272 silly addNameRange     '3.4.5',
272 silly addNameRange     '3.4.6',
272 silly addNameRange     '3.4.7',
272 silly addNameRange     '3.4.8',
272 silly addNameRange     '4.0.0-rc1',
272 silly addNameRange     '4.0.0-rc2',
272 silly addNameRange     '3.5.0',
272 silly addNameRange     '4.0.0-rc3',
272 silly addNameRange     '4.0.0-rc4',
272 silly addNameRange     '3.5.1',
272 silly addNameRange     '4.0.0',
272 silly addNameRange     '3.5.2',
272 silly addNameRange     '4.1.0',
272 silly addNameRange     '4.1.1',
272 silly addNameRange     '3.5.3',
272 silly addNameRange     '4.1.2',
272 silly addNameRange     '3.6.0',
272 silly addNameRange     '4.2.0',
272 silly addNameRange     '3.7.0',
272 silly addNameRange     '3.8.0',
272 silly addNameRange     '4.3.0',
272 silly addNameRange     '4.3.1',
272 silly addNameRange     '3.8.1',
272 silly addNameRange     '4.3.2',
272 silly addNameRange     '3.9.0',
272 silly addNameRange     '4.4.0',
272 silly addNameRange     '4.4.1',
272 silly addNameRange     '3.10.0',
272 silly addNameRange     '3.10.1',
272 silly addNameRange     '3.10.2',
272 silly addNameRange     '3.10.3',
272 silly addNameRange     '3.10.4',
272 silly addNameRange     '4.4.2',
272 silly addNameRange     '3.10.5',
272 silly addNameRange     '4.4.3',
272 silly addNameRange     '3.11.0',
272 silly addNameRange     '4.4.4',
272 silly addNameRange     '3.12.0',
272 silly addNameRange     '3.12.1',
272 silly addNameRange     '4.4.5',
272 silly addNameRange     '3.13.0',
272 silly addNameRange     '4.5.0',
272 silly addNameRange     '4.5.1',
272 silly addNameRange     '3.14.0',
272 silly addNameRange     '4.6.0',
272 silly addNameRange     '4.6.1',
272 silly addNameRange     '3.15.0',
272 silly addNameRange     '4.7.0',
272 silly addNameRange     '3.15.1',
272 silly addNameRange     '4.7.1',
272 silly addNameRange     '3.15.2',
272 silly addNameRange     '4.7.2',
272 silly addNameRange     '4.7.3',
272 silly addNameRange     '3.15.3',
272 silly addNameRange     '4.7.4',
272 silly addNameRange     '3.16.0',
272 silly addNameRange     '4.8.0',
272 silly addNameRange     '3.16.1',
272 silly addNameRange     '4.8.1',
272 silly addNameRange     '3.16.2',
272 silly addNameRange     '4.8.2',
272 silly addNameRange     '3.16.3',
272 silly addNameRange     '3.16.4',
272 silly addNameRange     '4.8.3',
272 silly addNameRange     '3.16.5',
272 silly addNameRange     '3.16.6',
272 silly addNameRange     '4.8.4',
272 silly addNameRange     '3.16.7',
272 silly addNameRange     '4.8.5',
272 silly addNameRange     '3.16.8',
272 silly addNameRange     '4.8.6',
272 silly addNameRange     '3.16.9',
272 silly addNameRange     '4.8.7',
272 silly addNameRange     '3.16.10',
272 silly addNameRange     '4.8.8',
272 silly addNameRange     '3.17.0',
272 silly addNameRange     '3.17.1',
272 silly addNameRange     '4.9.0',
272 silly addNameRange     '3.17.2',
272 silly addNameRange     '4.9.1',
272 silly addNameRange     '4.9.2',
272 silly addNameRange     '3.17.3',
272 silly addNameRange     '4.9.3',
272 silly addNameRange     '3.17.4',
272 silly addNameRange     '4.9.4',
272 silly addNameRange     '3.17.5',
272 silly addNameRange     '4.9.5',
272 silly addNameRange     '3.17.6',
272 silly addNameRange     '3.17.7',
272 silly addNameRange     '4.9.6',
272 silly addNameRange     '4.9.7',
272 silly addNameRange     '3.17.8',
272 silly addNameRange     '4.9.8',
272 silly addNameRange     '3.18.0',
272 silly addNameRange     '3.18.1',
272 silly addNameRange     '4.10.0',
272 silly addNameRange     '3.18.2',
272 silly addNameRange     '4.10.1',
272 silly addNameRange     '5.0.0-alpha.1',
272 silly addNameRange     '3.18.3',
272 silly addNameRange     '4.10.2',
272 silly addNameRange     '3.18.4',
272 silly addNameRange     '4.10.3',
272 silly addNameRange     '4.10.4',
272 silly addNameRange     '4.10.5',
272 silly addNameRange     '3.18.5',
272 silly addNameRange     '3.18.6',
272 silly addNameRange     '4.10.6',
272 silly addNameRange     '4.10.7',
272 silly addNameRange     '3.19.0',
272 silly addNameRange     '4.10.8',
272 silly addNameRange     '4.11.0' ] ]
273 verbose addNamed [ 'express', '4.11.0' ]
274 verbose addNamed [ '4.11.0', '4.11.0' ]
275 silly lockFile d83478c8-express-4-11-0 express@4.11.0
276 verbose lock express@4.11.0 /Users/jesserafalko/.npm/d83478c8-express-4-11-0.lock
277 silly addNameRange number 2 { name: 'request', range: '>=2.0.0-0 <3.0.0-0', hasData: true }
278 silly addNameRange versions [ 'request',
278 silly addNameRange   [ '0.10.0',
278 silly addNameRange     '0.8.3',
278 silly addNameRange     '0.9.0',
278 silly addNameRange     '0.9.1',
278 silly addNameRange     '0.9.5',
278 silly addNameRange     '1.0.0',
278 silly addNameRange     '1.1.0',
278 silly addNameRange     '1.1.1',
278 silly addNameRange     '1.2.0',
278 silly addNameRange     '1.9.0',
278 silly addNameRange     '1.9.1',
278 silly addNameRange     '1.9.2',
278 silly addNameRange     '1.9.3',
278 silly addNameRange     '1.9.5',
278 silly addNameRange     '1.9.7',
278 silly addNameRange     '1.9.8',
278 silly addNameRange     '1.9.9',
278 silly addNameRange     '2.0.0',
278 silly addNameRange     '2.0.1',
278 silly addNameRange     '2.0.2',
278 silly addNameRange     '2.0.3',
278 silly addNameRange     '2.0.4',
278 silly addNameRange     '2.0.5',
278 silly addNameRange     '2.1.0',
278 silly addNameRange     '2.1.1',
278 silly addNameRange     '2.2.0',
278 silly addNameRange     '2.2.5',
278 silly addNameRange     '2.2.6',
278 silly addNameRange     '2.2.9',
278 silly addNameRange     '2.9.0',
278 silly addNameRange     '2.9.1',
278 silly addNameRange     '2.9.2',
278 silly addNameRange     '2.9.3',
278 silly addNameRange     '2.9.100',
278 silly addNameRange     '2.9.150',
278 silly addNameRange     '2.9.151',
278 silly addNameRange     '2.9.152',
278 silly addNameRange     '2.9.153',
278 silly addNameRange     '2.9.200',
278 silly addNameRange     '2.9.201',
278 silly addNameRange     '2.9.202',
278 silly addNameRange     '2.9.203',
278 silly addNameRange     '2.10.0',
278 silly addNameRange     '2.11.0',
278 silly addNameRange     '2.11.1',
278 silly addNameRange     '2.11.2',
278 silly addNameRange     '2.11.3',
278 silly addNameRange     '2.11.4',
278 silly addNameRange     '2.12.0',
278 silly addNameRange     '2.14.0',
278 silly addNameRange     '2.16.0',
278 silly addNameRange     '2.16.2',
278 silly addNameRange     '2.16.4',
278 silly addNameRange     '2.16.6',
278 silly addNameRange     '2.18.0',
278 silly addNameRange     '2.19.0',
278 silly addNameRange     '2.20.0',
278 silly addNameRange     '2.21.0',
278 silly addNameRange     '2.22.0',
278 silly addNameRange     '2.23.0',
278 silly addNameRange     '2.24.0',
278 silly addNameRange     '2.25.0',
278 silly addNameRange     '2.26.0',
278 silly addNameRange     '2.27.0',
278 silly addNameRange     '2.28.0',
278 silly addNameRange     '2.29.0',
278 silly addNameRange     '2.30.0',
278 silly addNameRange     '2.31.0',
278 silly addNameRange     '2.32.0',
278 silly addNameRange     '2.33.0',
278 silly addNameRange     '2.34.0',
278 silly addNameRange     '2.35.0',
278 silly addNameRange     '2.36.0',
278 silly addNameRange     '2.37.0',
278 silly addNameRange     '2.38.0',
278 silly addNameRange     '2.39.0',
278 silly addNameRange     '2.40.0',
278 silly addNameRange     '2.41.0',
278 silly addNameRange     '2.42.0',
278 silly addNameRange     '2.43.0',
278 silly addNameRange     '2.44.0',
278 silly addNameRange     '2.45.0',
278 silly addNameRange     '2.46.0',
278 silly addNameRange     '2.47.0',
278 silly addNameRange     '2.48.0',
278 silly addNameRange     '2.49.0',
278 silly addNameRange     '2.50.0',
278 silly addNameRange     '2.51.0' ] ]
279 verbose addNamed [ 'request', '2.51.0' ]
280 verbose addNamed [ '2.51.0', '2.51.0' ]
281 silly lockFile 85707acc-request-2-51-0 request@2.51.0
282 verbose lock request@2.51.0 /Users/jesserafalko/.npm/85707acc-request-2-51-0.lock
283 silly addNameRange number 2 { name: 'body-parser',
283 silly addNameRange   range: '>=1.10.1-0 <1.11.0-0',
283 silly addNameRange   hasData: true }
284 silly addNameRange versions [ 'body-parser',
284 silly addNameRange   [ '1.0.0',
284 silly addNameRange     '1.0.1',
284 silly addNameRange     '1.0.2',
284 silly addNameRange     '1.1.0',
284 silly addNameRange     '1.1.1',
284 silly addNameRange     '1.1.2',
284 silly addNameRange     '1.2.0',
284 silly addNameRange     '1.2.1',
284 silly addNameRange     '1.2.2',
284 silly addNameRange     '1.3.0',
284 silly addNameRange     '1.3.1',
284 silly addNameRange     '1.4.0',
284 silly addNameRange     '1.4.1',
284 silly addNameRange     '1.4.2',
284 silly addNameRange     '1.4.3',
284 silly addNameRange     '1.5.0',
284 silly addNameRange     '1.5.1',
284 silly addNameRange     '1.5.2',
284 silly addNameRange     '1.6.0',
284 silly addNameRange     '1.6.1',
284 silly addNameRange     '1.6.2',
284 silly addNameRange     '1.6.3',
284 silly addNameRange     '1.6.4',
284 silly addNameRange     '1.6.5',
284 silly addNameRange     '1.6.6',
284 silly addNameRange     '1.6.7',
284 silly addNameRange     '1.7.0',
284 silly addNameRange     '1.8.0',
284 silly addNameRange     '1.8.1',
284 silly addNameRange     '1.8.2',
284 silly addNameRange     '1.8.3',
284 silly addNameRange     '1.8.4',
284 silly addNameRange     '1.9.0',
284 silly addNameRange     '1.9.1',
284 silly addNameRange     '1.9.2',
284 silly addNameRange     '1.9.3',
284 silly addNameRange     '1.10.0',
284 silly addNameRange     '1.10.1' ] ]
285 verbose addNamed [ 'body-parser', '1.10.1' ]
286 verbose addNamed [ '1.10.1', '1.10.1' ]
287 silly lockFile 0f993b18-body-parser-1-10-1 body-parser@1.10.1
288 verbose lock body-parser@1.10.1 /Users/jesserafalko/.npm/0f993b18-body-parser-1-10-1.lock
289 silly lockFile 09d11068-debug-2-1-1 debug@~2.1.1
290 silly lockFile 09d11068-debug-2-1-1 debug@~2.1.1
291 silly lockFile 7ab299d0-morgan-1-5-1 morgan@1.5.1
292 silly lockFile 7ab299d0-morgan-1-5-1 morgan@1.5.1
293 silly lockFile 3f62c699-jade-1-9-0 jade@1.9.0
294 silly lockFile 3f62c699-jade-1-9-0 jade@1.9.0
295 silly lockFile 66ba047d-morgan-1-5-1 morgan@~1.5.1
296 silly lockFile 66ba047d-morgan-1-5-1 morgan@~1.5.1
297 silly lockFile 398df342-jade-1-9-0 jade@~1.9.0
298 silly lockFile 398df342-jade-1-9-0 jade@~1.9.0
299 silly lockFile d83478c8-express-4-11-0 express@4.11.0
300 silly lockFile d83478c8-express-4-11-0 express@4.11.0
301 silly lockFile 85707acc-request-2-51-0 request@2.51.0
302 silly lockFile 85707acc-request-2-51-0 request@2.51.0
303 silly lockFile 7dc731cf-oauth-0-9-12 oauth@0.9.12
304 silly lockFile 7dc731cf-oauth-0-9-12 oauth@0.9.12
305 silly lockFile 6e51cfda-express-4-11-0 express@~4.11.0
306 silly lockFile 6e51cfda-express-4-11-0 express@~4.11.0
307 silly lockFile cef81d7c-serve-favicon-2-2-0 serve-favicon@2.2.0
308 silly lockFile cef81d7c-serve-favicon-2-2-0 serve-favicon@2.2.0
309 silly lockFile e6e1eba8-request-2-0-0 request@^2.0.0
310 silly lockFile e6e1eba8-request-2-0-0 request@^2.0.0
311 silly lockFile 68450bd4-cookie-parser-1-3-3 cookie-parser@1.3.3
312 silly lockFile 68450bd4-cookie-parser-1-3-3 cookie-parser@1.3.3
313 silly lockFile 0f993b18-body-parser-1-10-1 body-parser@1.10.1
314 silly lockFile 0f993b18-body-parser-1-10-1 body-parser@1.10.1
315 silly lockFile a98d28d3-oauth-0-9-0 oauth@^0.9.0
316 silly lockFile a98d28d3-oauth-0-9-0 oauth@^0.9.0
317 silly lockFile 9df5bad7-serve-favicon-2-2-0 serve-favicon@~2.2.0
318 silly lockFile 9df5bad7-serve-favicon-2-2-0 serve-favicon@~2.2.0
319 silly lockFile bf5babd8-cookie-parser-1-3-3 cookie-parser@~1.3.3
320 silly lockFile bf5babd8-cookie-parser-1-3-3 cookie-parser@~1.3.3
321 silly lockFile 8e4fa182-body-parser-1-10-1 body-parser@~1.10.1
322 silly lockFile 8e4fa182-body-parser-1-10-1 body-parser@~1.10.1
323 error notarget No compatible version found: http@'>=1.0.0-0 <2.0.0-0'
323 error notarget Valid install targets:
323 error notarget ["0.0.0"]
323 error notarget
323 error notarget This is most likely not a problem with npm itself.
323 error notarget In most cases you or one of your dependencies are requesting
323 error notarget a package version that doesn't exist.
324 error System Darwin 14.0.0
325 error command "node" "/usr/local/bin/npm" "install"
326 error cwd /Users/jesserafalko/Desktop/job submission
327 error node -v v0.10.35
328 error npm -v 1.4.28
329 error code ETARGET
330 verbose exit [ 1, true ]
